================================================================================
DEMERZEL v5.0 AUDIT TRAIL
================================================================================

TIMESTAMP: 2026-01-24T21:35:49
STEP: STEP_1_1_COMPLETE
TEST_COUNT: 1163
TEST_RESULT: PASS
CHECKSUMS:
  prime_engine.py: 46bc2a0fc6b2990e9f02fae701758fad0d8af44af37ce8a7742cbc1b8cd3017a
  test_primes.py: 0d73dd0f60d8e095b2e98385bc819876991ef40205f42136d96953e70666caf0
DEVIATION_COUNT: 0
================================================================================

TIMESTAMP: 2026-01-24T21:36:45
STEP: STEP_1_2_COMPLETE
TEST_COUNT: 4999
TEST_RESULT: PASS
PERFORMANCE: 0.0218 seconds (229743 verifications/second)
CHECKSUMS:
  goldbach.py: 8178fbb7dc4bdeb520a3a7d559ee4f07564dc39412bd2a7b27504874b107ec43
DEVIATION_COUNT: 0
================================================================================

TIMESTAMP: 2026-01-24T21:37:58
STEP: STEP_1_3_COMPLETE
TEST_COUNT: 20000
TEST_RESULT: PASS
PERFORMANCE: 0.1809 seconds (0.009047 ms/test)
AXIOM_VIOLATIONS_DETECTED:
  Completeness: 1 (number 0)
  Symmetry: 4235 (expected - enforcer detecting violations)
CHECKSUMS:
  axioms.py: f819ffd2a7927e3f39622b06c08e5760f7925caf0cb6534ea5ad454350c00ecd
DEVIATION_COUNT: 0
================================================================================
